<?xml version="1.0" encoding="UTF-8"?>
<testsuite name="com.wealthy.machine.DownloadTest" tests="1" skipped="0" failures="0" errors="0" timestamp="2020-02-05T21:10:04" hostname="LUIZ-DESKTOP" time="0.001">
  <properties/>
  <testcase name="addition" classname="com.wealthy.machine.DownloadTest" time="0.001"/>
  <system-out><![CDATA[]]></system-out>
  <system-err><![CDATA[]]></system-err>
</testsuite>
